# JRE version: OpenJDK Runtime Environment Temurin-21.0.2+13 (21.0.2+13) (build 21.0.2+13-LTS)
# Java VM: OpenJDK 64-Bit Server VM Temurin-21.0.2+13 (21.0.2+13-LTS, mixed mode, emulated-client, sharing, tiered, compressed oops, compressed class ptrs, g1 gc, windows-amd64)
GC Precious Log:
 CardTable entry size: 512
 Card Set container configuration: InlinePtr #cards 5 size 8 Array Of Cards #cards 12 size 40 Howl #buckets 4 coarsen threshold 1843 Howl Bitmap #cards 512 size 80 coarsen threshold 460 Card regions per heap region 1 cards per card region 2048
 CPUs: 16 total, 16 available
 Memory: 7583M
 Large Page Support: Disabled
 NUMA Support: Disabled
 Compressed Oops: Enabled (32-bit)
 Heap Region Size: 1M
 Heap Min Capacity: 8M
 Heap Initial Capacity: 120M
 Heap Max Capacity: 1896M
 Pre-touch: Disabled
 Parallel Workers: 13
 Concurrent Workers: 3
 Concurrent Refinement Workers: 13
 Periodic GC: Disabled
Heap:
 garbage-first heap   total 54272K, used 18905K [0x0000000089800000, 0x0000000100000000)
  region size 1024K, 8 young (8192K), 3 survivors (3072K)
 Metaspace       used 28697K, committed 29312K, reserved 1114112K
  class space    used 3763K, committed 4032K, reserved 1048576K
GC Heap History (18 events):
Event: 1.836 GC heap before
{Heap before GC invocations=0 (full 0):
 garbage-first heap   total 122880K, used 22528K [0x0000000089800000, 0x0000000100000000)
  region size 1024K, 23 young (23552K), 0 survivors (0K)
 Metaspace       used 7112K, committed 7296K, reserved 1114112K
  class space    used 795K, committed 896K, reserved 1048576K
}
Event: 1.847 GC heap after
{Heap after GC invocations=1 (full 0):
 garbage-first heap   total 122880K, used 5432K [0x0000000089800000, 0x0000000100000000)
  region size 1024K, 3 young (3072K), 3 survivors (3072K)
 Metaspace       used 7112K, committed 7296K, reserved 1114112K
  class space    used 795K, committed 896K, reserved 1048576K
}
Event: 2.309 GC heap before
{Heap before GC invocations=1 (full 0):
 garbage-first heap   total 122880K, used 34104K [0x0000000089800000, 0x0000000100000000)
  region size 1024K, 31 young (31744K), 3 survivors (3072K)
 Metaspace       used 10596K, committed 10944K, reserved 1114112K
  class space    used 1260K, committed 1408K, reserved 1048576K
}
Event: 2.314 GC heap after
{Heap after GC invocations=2 (full 0):
 garbage-first heap   total 122880K, used 7129K [0x0000000089800000, 0x0000000100000000)
  region size 1024K, 2 young (2048K), 2 survivors (2048K)
 Metaspace       used 10596K, committed 10944K, reserved 1114112K
  class space    used 1260K, committed 1408K, reserved 1048576K
}
Event: 3.095 GC heap before
{Heap before GC invocations=2 (full 0):
 garbage-first heap   total 122880K, used 72665K [0x0000000089800000, 0x0000000100000000)
  region size 1024K, 68 young (69632K), 2 survivors (2048K)
 Metaspace       used 16954K, committed 17344K, reserved 1114112K
  class space    used 2135K, committed 2304K, reserved 1048576K
}
Event: 3.100 GC heap after
{Heap after GC invocations=3 (full 0):
 garbage-first heap   total 122880K, used 9283K [0x0000000089800000, 0x0000000100000000)
  region size 1024K, 4 young (4096K), 4 survivors (4096K)
 Metaspace       used 16954K, committed 17344K, reserved 1114112K
  class space    used 2135K, committed 2304K, reserved 1048576K
}
Event: 3.261 GC heap before
{Heap before GC invocations=4 (full 0):
 garbage-first heap   total 40960K, used 40003K [0x0000000089800000, 0x0000000100000000)
  region size 1024K, 34 young (34816K), 4 survivors (4096K)
 Metaspace       used 19536K, committed 19904K, reserved 1114112K
  class space    used 2475K, committed 2688K, reserved 1048576K
}
Event: 3.265 GC heap after
{Heap after GC invocations=5 (full 0):
 garbage-first heap   total 45056K, used 9689K [0x0000000089800000, 0x0000000100000000)
  region size 1024K, 4 young (4096K), 4 survivors (4096K)
 Metaspace       used 19536K, committed 19904K, reserved 1114112K
  class space    used 2475K, committed 2688K, reserved 1048576K
}
Event: 3.454 GC heap before
{Heap before GC invocations=5 (full 0):
 garbage-first heap   total 45056K, used 32217K [0x0000000089800000, 0x0000000100000000)
  region size 1024K, 26 young (26624K), 4 survivors (4096K)
 Metaspace       used 21419K, committed 21824K, reserved 1114112K
  class space    used 2746K, committed 2944K, reserved 1048576K
}
Event: 3.460 GC heap after
{Heap after GC invocations=6 (full 0):
 garbage-first heap   total 45056K, used 10408K [0x0000000089800000, 0x0000000100000000)
  region size 1024K, 2 young (2048K), 2 survivors (2048K)
 Metaspace       used 21419K, committed 21824K, reserved 1114112K
  class space    used 2746K, committed 2944K, reserved 1048576K
}
Event: 3.910 GC heap before
{Heap before GC invocations=6 (full 0):
 garbage-first heap   total 45056K, used 33960K [0x0000000089800000, 0x0000000100000000)
  region size 1024K, 26 young (26624K), 2 survivors (2048K)
 Metaspace       used 22626K, committed 22976K, reserved 1114112K
  class space    used 2931K, committed 3072K, reserved 1048576K
}
Event: 3.913 GC heap after
{Heap after GC invocations=7 (full 0):
 garbage-first heap   total 45056K, used 11463K [0x0000000089800000, 0x0000000100000000)
  region size 1024K, 3 young (3072K), 3 survivors (3072K)
 Metaspace       used 22626K, committed 22976K, reserved 1114112K
  class space    used 2931K, committed 3072K, reserved 1048576K
}
Event: 4.257 GC heap before
{Heap before GC invocations=7 (full 0):
 garbage-first heap   total 45056K, used 35015K [0x0000000089800000, 0x0000000100000000)
  region size 1024K, 26 young (26624K), 3 survivors (3072K)
 Metaspace       used 24359K, committed 24832K, reserved 1114112K
  class space    used 3177K, committed 3392K, reserved 1048576K
}
Event: 4.263 GC heap after
{Heap after GC invocations=8 (full 0):
 garbage-first heap   total 45056K, used 12660K [0x0000000089800000, 0x0000000100000000)
  region size 1024K, 3 young (3072K), 3 survivors (3072K)
 Metaspace       used 24359K, committed 24832K, reserved 1114112K
  class space    used 3177K, committed 3392K, reserved 1048576K
}
Event: 4.682 GC heap before
{Heap before GC invocations=8 (full 0):
 garbage-first heap   total 45056K, used 36212K [0x0000000089800000, 0x0000000100000000)
  region size 1024K, 26 young (26624K), 3 survivors (3072K)
 Metaspace       used 26603K, committed 27200K, reserved 1114112K
  class space    used 3520K, committed 3776K, reserved 1048576K
}
Event: 4.687 GC heap after
{Heap after GC invocations=9 (full 0):
 garbage-first heap   total 54272K, used 14124K [0x0000000089800000, 0x0000000100000000)
  region size 1024K, 4 young (4096K), 4 survivors (4096K)
 Metaspace       used 26603K, committed 27200K, reserved 1114112K
  class space    used 3520K, committed 3776K, reserved 1048576K
}
Event: 5.044 GC heap before
{Heap before GC invocations=9 (full 0):
 garbage-first heap   total 54272K, used 37676K [0x0000000089800000, 0x0000000100000000)
  region size 1024K, 28 young (28672K), 4 survivors (4096K)
 Metaspace       used 28600K, committed 29120K, reserved 1114112K
  class space    used 3739K, committed 3968K, reserved 1048576K
}
Event: 5.049 GC heap after
{Heap after GC invocations=10 (full 0):
 garbage-first heap   total 54272K, used 14809K [0x0000000089800000, 0x0000000100000000)
  region size 1024K, 3 young (3072K), 3 survivors (3072K)
 Metaspace       used 28600K, committed 29120K, reserved 1114112K
  class space    used 3739K, committed 3968K, reserved 1048576K
}

