# JRE version: OpenJDK Runtime Environment Temurin-21.0.2+13 (21.0.2+13) (build 21.0.2+13-LTS)
# Java VM: OpenJDK 64-Bit Server VM Temurin-21.0.2+13 (21.0.2+13-LTS, mixed mode, emulated-client, sharing, tiered, compressed oops, compressed class ptrs, g1 gc, windows-amd64)
GC Precious Log:
 CardTable entry size: 512
 Card Set container configuration: InlinePtr #cards 5 size 8 Array Of Cards #cards 12 size 40 Howl #buckets 4 coarsen threshold 1843 Howl Bitmap #cards 512 size 80 coarsen threshold 460 Card regions per heap region 1 cards per card region 2048
 CPUs: 16 total, 16 available
 Memory: 7583M
 Large Page Support: Disabled
 NUMA Support: Disabled
 Compressed Oops: Enabled (32-bit)
 Heap Region Size: 1M
 Heap Min Capacity: 8M
 Heap Initial Capacity: 120M
 Heap Max Capacity: 1896M
 Pre-touch: Disabled
 Parallel Workers: 13
 Concurrent Workers: 3
 Concurrent Refinement Workers: 13
 Periodic GC: Disabled
Heap:
 garbage-first heap   total 61440K, used 38203K [0x0000000089800000, 0x0000000100000000)
  region size 1024K, 24 young (24576K), 0 survivors (0K)
 Metaspace       used 36425K, committed 37312K, reserved 1114112K
  class space    used 4797K, committed 5120K, reserved 1048576K
GC Heap History (20 events):
Event: 3.527 GC heap before
{Heap before GC invocations=5 (full 0):
 garbage-first heap   total 43008K, used 29425K [0x0000000089800000, 0x0000000100000000)
  region size 1024K, 25 young (25600K), 5 survivors (5120K)
 Metaspace       used 20633K, committed 20992K, reserved 1114112K
  class space    used 2643K, committed 2816K, reserved 1048576K
}
Event: 3.531 GC heap after
{Heap after GC invocations=6 (full 0):
 garbage-first heap   total 43008K, used 9674K [0x0000000089800000, 0x0000000100000000)
  region size 1024K, 2 young (2048K), 2 survivors (2048K)
 Metaspace       used 20633K, committed 20992K, reserved 1114112K
  class space    used 2643K, committed 2816K, reserved 1048576K
}
Event: 3.950 GC heap before
{Heap before GC invocations=6 (full 0):
 garbage-first heap   total 43008K, used 32202K [0x0000000089800000, 0x0000000100000000)
  region size 1024K, 25 young (25600K), 2 survivors (2048K)
 Metaspace       used 22055K, committed 22400K, reserved 1114112K
  class space    used 2848K, committed 3008K, reserved 1048576K
}
Event: 3.953 GC heap after
{Heap after GC invocations=7 (full 0):
 garbage-first heap   total 43008K, used 11547K [0x0000000089800000, 0x0000000100000000)
  region size 1024K, 4 young (4096K), 4 survivors (4096K)
 Metaspace       used 22055K, committed 22400K, reserved 1114112K
  class space    used 2848K, committed 3008K, reserved 1048576K
}
Event: 4.277 GC heap before
{Heap before GC invocations=7 (full 0):
 garbage-first heap   total 43008K, used 32027K [0x0000000089800000, 0x0000000100000000)
  region size 1024K, 25 young (25600K), 4 survivors (4096K)
 Metaspace       used 23352K, committed 23744K, reserved 1114112K
  class space    used 3026K, committed 3200K, reserved 1048576K
}
Event: 4.281 GC heap after
{Heap after GC invocations=8 (full 0):
 garbage-first heap   total 43008K, used 11893K [0x0000000089800000, 0x0000000100000000)
  region size 1024K, 3 young (3072K), 3 survivors (3072K)
 Metaspace       used 23352K, committed 23744K, reserved 1114112K
  class space    used 3026K, committed 3200K, reserved 1048576K
}
Event: 4.659 GC heap before
{Heap before GC invocations=8 (full 0):
 garbage-first heap   total 43008K, used 33397K [0x0000000089800000, 0x0000000100000000)
  region size 1024K, 25 young (25600K), 3 survivors (3072K)
 Metaspace       used 25327K, committed 25856K, reserved 1114112K
  class space    used 3300K, committed 3520K, reserved 1048576K
}
Event: 4.665 GC heap after
{Heap after GC invocations=9 (full 0):
 garbage-first heap   total 52224K, used 13563K [0x0000000089800000, 0x0000000100000000)
  region size 1024K, 3 young (3072K), 3 survivors (3072K)
 Metaspace       used 25327K, committed 25856K, reserved 1114112K
  class space    used 3300K, committed 3520K, reserved 1048576K
}
Event: 5.123 GC heap before
{Heap before GC invocations=9 (full 0):
 garbage-first heap   total 52224K, used 40187K [0x0000000089800000, 0x0000000100000000)
  region size 1024K, 30 young (30720K), 3 survivors (3072K)
 Metaspace       used 27741K, committed 28288K, reserved 1114112K
  class space    used 3629K, committed 3904K, reserved 1048576K
}
Event: 5.128 GC heap after
{Heap after GC invocations=10 (full 0):
 garbage-first heap   total 52224K, used 14402K [0x0000000089800000, 0x0000000100000000)
  region size 1024K, 3 young (3072K), 3 survivors (3072K)
 Metaspace       used 27741K, committed 28288K, reserved 1114112K
  class space    used 3629K, committed 3904K, reserved 1048576K
}
Event: 5.652 GC heap before
{Heap before GC invocations=11 (full 0):
 garbage-first heap   total 52224K, used 41026K [0x0000000089800000, 0x0000000100000000)
  region size 1024K, 30 young (30720K), 3 survivors (3072K)
 Metaspace       used 30002K, committed 30592K, reserved 1114112K
  class space    used 3948K, committed 4224K, reserved 1048576K
}
Event: 5.659 GC heap after
{Heap after GC invocations=12 (full 0):
 garbage-first heap   total 52224K, used 15957K [0x0000000089800000, 0x0000000100000000)
  region size 1024K, 4 young (4096K), 4 survivors (4096K)
 Metaspace       used 30002K, committed 30592K, reserved 1114112K
  class space    used 3948K, committed 4224K, reserved 1048576K
}
Event: 10.176 GC heap before
{Heap before GC invocations=12 (full 0):
 garbage-first heap   total 52224K, used 42581K [0x0000000089800000, 0x0000000100000000)
  region size 1024K, 30 young (30720K), 4 survivors (4096K)
 Metaspace       used 32448K, committed 33024K, reserved 1114112K
  class space    used 4289K, committed 4544K, reserved 1048576K
}
Event: 10.189 GC heap after
{Heap after GC invocations=13 (full 0):
 garbage-first heap   total 52224K, used 17063K [0x0000000089800000, 0x0000000100000000)
  region size 1024K, 4 young (4096K), 4 survivors (4096K)
 Metaspace       used 32448K, committed 33024K, reserved 1114112K
  class space    used 4289K, committed 4544K, reserved 1048576K
}
Event: 10.572 GC heap before
{Heap before GC invocations=13 (full 0):
 garbage-first heap   total 52224K, used 41639K [0x0000000089800000, 0x0000000100000000)
  region size 1024K, 29 young (29696K), 4 survivors (4096K)
 Metaspace       used 34766K, committed 35456K, reserved 1114112K
  class space    used 4614K, committed 4928K, reserved 1048576K
}
Event: 10.577 GC heap after
{Heap after GC invocations=14 (full 0):
 garbage-first heap   total 52224K, used 19157K [0x0000000089800000, 0x0000000100000000)
  region size 1024K, 4 young (4096K), 4 survivors (4096K)
 Metaspace       used 34766K, committed 35456K, reserved 1114112K
  class space    used 4614K, committed 4928K, reserved 1048576K
}
Event: 236.736 GC heap before
{Heap before GC invocations=14 (full 0):
 garbage-first heap   total 52224K, used 41685K [0x0000000089800000, 0x0000000100000000)
  region size 1024K, 27 young (27648K), 4 survivors (4096K)
 Metaspace       used 36521K, committed 37120K, reserved 1114112K
  class space    used 4836K, committed 5120K, reserved 1048576K
}
Event: 236.742 GC heap after
{Heap after GC invocations=15 (full 0):
 garbage-first heap   total 63488K, used 19776K [0x0000000089800000, 0x0000000100000000)
  region size 1024K, 1 young (1024K), 1 survivors (1024K)
 Metaspace       used 36521K, committed 37120K, reserved 1114112K
  class space    used 4836K, committed 5120K, reserved 1048576K
}
Event: 236.778 GC heap before
{Heap before GC invocations=15 (full 0):
 garbage-first heap   total 63488K, used 19776K [0x0000000089800000, 0x0000000100000000)
  region size 1024K, 3 young (3072K), 1 survivors (1024K)
 Metaspace       used 36646K, committed 37248K, reserved 1114112K
  class space    used 4854K, committed 5120K, reserved 1048576K
}
Event: 236.813 GC heap after
{Heap after GC invocations=16 (full 1):
 garbage-first heap   total 61440K, used 14651K [0x0000000089800000, 0x0000000100000000)
  region size 1024K, 0 young (0K), 0 survivors (0K)
 Metaspace       used 36312K, committed 37248K, reserved 1114112K
  class space    used 4770K, committed 5120K, reserved 1048576K
}

